<?xml version="1.0" encoding="UTF-8"?>
<testsuite xmlns:xsi="http://www.w3.org/2001/XMLSchema-instance" xsi:noNamespaceSchemaLocation="https://maven.apache.org/surefire/maven-surefire-plugin/xsd/surefire-test-report-3.0.xsd" version="3.0" name="StepDefinitions.TestRunner" time="87.483" tests="5" errors="0" skipped="0" failures="0">
  <properties>
[...]
</properties>
  <testcase name="validate google search is working" classname="feature to test google search functionality" time="23.107">
    <system-out><![CDATA[
@search
Scenario: validate google search is working # src/test/resources/Features/GoogleSearch.feature:5
Inside Step - browser is open
  Given browser is open                     # StepDefinitions.GoogleSearch.browser_is_open()
Inside Step - user is on google search page
  And user is on google search page         # StepDefinitions.GoogleSearch.user_is_on_google_search_page()
Inside Step - user enters a text in search box
  When user enters a text in search box     # StepDefinitions.GoogleSearch.user_enters_a_text_in_search_box()
Inside Step - hits enter
  And hits enter                            # StepDefinitions.GoogleSearch.hits_enter()
Inside Step - user is navigated to search results
  Then user is navigated to search results  # StepDefinitions.GoogleSearch.user_is_navigated_to_search_results()
]]></system-out>
    <system-err><![CDATA[SLF4J(W): No SLF4J providers were found.
SLF4J(W): Defaulting to no-operation (NOP) logger implementation
SLF4J(W): See https://www.slf4j.org/codes.html#noProviders for further details.
janv. 04, 2024 12:33:15 PM org.openqa.selenium.remote.http.WebSocket$Listener onError
WARNING: Connection reset
java.net.SocketException: Connection reset
	at java.base/sun.nio.ch.SocketChannelImpl.throwConnectionReset(SocketChannelImpl.java:401)
	at java.base/sun.nio.ch.SocketChannelImpl.read(SocketChannelImpl.java:434)
	at java.net.http/jdk.internal.net.http.SocketTube.readAvailable(SocketTube.java:1178)
	at java.net.http/jdk.internal.net.http.SocketTube$InternalReadPublisher$InternalReadSubscription.read(SocketTube.java:841)
	at java.net.http/jdk.internal.net.http.SocketTube$SocketFlowTask.run(SocketTube.java:181)
	at java.net.http/jdk.internal.net.http.common.SequentialScheduler$SchedulableTask.run(SequentialScheduler.java:207)
	at java.net.http/jdk.internal.net.http.common.SequentialScheduler.runOrSchedule(SequentialScheduler.java:280)
	at java.net.http/jdk.internal.net.http.common.SequentialScheduler.runOrSchedule(SequentialScheduler.java:233)
	at java.net.http/jdk.internal.net.http.SocketTube$InternalReadPublisher$InternalReadSubscription.signalReadable(SocketTube.java:782)
	at java.net.http/jdk.internal.net.http.SocketTube$InternalReadPublisher$ReadEvent.signalEvent(SocketTube.java:965)
	at java.net.http/jdk.internal.net.http.SocketTube$SocketFlowEvent.handle(SocketTube.java:253)
	at java.net.http/jdk.internal.net.http.HttpClientImpl$SelectorManager.handleEvent(HttpClientImpl.java:1467)
	at java.net.http/jdk.internal.net.http.HttpClientImpl$SelectorManager.lambda$run$3(HttpClientImpl.java:1412)
	at java.base/java.util.ArrayList.forEach(ArrayList.java:1596)
	at java.net.http/jdk.internal.net.http.HttpClientImpl$SelectorManager.run(HttpClientImpl.java:1412)

]]></system-err>
  </testcase>
  <testcase name="Check login invalid with invalid information #1" classname="Test the login functionality" time="12.568">
    <system-out><![CDATA[
@search
Scenario: Check login invalid with invalid information                                 # src/test/resources/Features/login.feature:13
Inside Step - user is on the login page
  Given the user is on the login page                                                  # StepDefinitions.LoginSteps.the_user_is_on_the_login_page()
Inside Step - user enters email and password
  When the user enters invalid information "zakarialahssaini22@gmail.com" and "123456" # StepDefinitions.LoginSteps.the_user_enters_email_and_password(java.lang.String,java.lang.String)
Inside Step - user clicks login button
  And the user clicks the login button                                                 # StepDefinitions.LoginSteps.the_user_clicks_the_login_button()
Inside Step - user should not navigate to home page
  Then the user should not navigate to the home page                                   # StepDefinitions.LoginSteps.the_user_should_not_navigate_to_the_home_page()
]]></system-out>
  </testcase>
  <testcase name="Check login invalid with invalid information #2" classname="Test the login functionality" time="26.427">
    <system-out><![CDATA[
@search
Scenario: Check login invalid with invalid information                                # src/test/resources/Features/login.feature:14
Inside Step - user is on the login page
  Given the user is on the login page                                                 # StepDefinitions.LoginSteps.the_user_is_on_the_login_page()
Inside Step - user enters email and password
  When the user enters invalid information "zakaria.lahssaini@uit.ac.ma" and "678901" # StepDefinitions.LoginSteps.the_user_enters_email_and_password(java.lang.String,java.lang.String)
Inside Step - user clicks login button
  And the user clicks the login button                                                # StepDefinitions.LoginSteps.the_user_clicks_the_login_button()
Inside Step - user should not navigate to home page
  Then the user should not navigate to the home page                                  # StepDefinitions.LoginSteps.the_user_should_not_navigate_to_the_home_page()
]]></system-out>
  </testcase>
  <testcase name="Check login valid with valid information #1" classname="Test the login functionality" time="12.151">
    <system-out><![CDATA[
@search
Scenario: Check login valid with valid information                                      # src/test/resources/Features/login.feature:24
Inside Step - user is on the login page
  Given the user is on the login page for login                                         # StepDefinitions.LoginSteps.the_user_is_on_the_login_page_for_login()
Inside Step - user enters email and password
  When the user enters valid information "zakarialahssaini2@gmail.com" and "Zakaria-@3" # StepDefinitions.LoginSteps.the_user_enters_valid_information(java.lang.String,java.lang.String)
Inside Step - user clicks login button
  And the user clicks the login button for login                                        # StepDefinitions.LoginSteps.the_user_clicks_the_login_button_for_login()
Inside Step - user should not navigate to home page
  Then the user should navigated to the home page                                       # StepDefinitions.LoginSteps.the_user_should_navigated_to_the_home_page()
]]></system-out>
  </testcase>
  <testcase name="Check login valid with valid information #2" classname="Test the login functionality" time="12.567">
    <system-out><![CDATA[
@search
Scenario: Check login valid with valid information                                      # src/test/resources/Features/login.feature:25
Inside Step - user is on the login page
  Given the user is on the login page for login                                         # StepDefinitions.LoginSteps.the_user_is_on_the_login_page_for_login()
Inside Step - user enters email and password
  When the user enters valid information "zakarialahssaini3@gmail.com" and "Zakaria-@2" # StepDefinitions.LoginSteps.the_user_enters_valid_information(java.lang.String,java.lang.String)
Inside Step - user clicks login button
  And the user clicks the login button for login                                        # StepDefinitions.LoginSteps.the_user_clicks_the_login_button_for_login()
Inside Step - user should not navigate to home page
  Then the user should navigated to the home page                                       # StepDefinitions.LoginSteps.the_user_should_navigated_to_the_home_page()
]]></system-out>
  </testcase>
</testsuite>